<?xml version="1.0" encoding="UTF-8"?>
<testsuite xmlns:xsi="http://www.w3.org/2001/XMLSchema-instance" xsi:noNamespaceSchemaLocation="https://maven.apache.org/surefire/maven-surefire-plugin/xsd/surefire-test-report.xsd" name="org.openclassroom.projet.technical.AppTest" time="0.223" tests="1" errors="0" skipped="0" failures="0">
  <properties>
    <property name="gopherProxySet" value="false"/>
    <property name="awt.toolkit" value="sun.lwawt.macosx.LWCToolkit"/>
    <property name="file.encoding.pkg" value="sun.io"/>
    <property name="java.specification.version" value="1.8"/>
    <property name="sun.cpu.isalist" value=""/>
    <property name="sun.jnu.encoding" value="UTF-8"/>
    <property name="java.class.path" value="/Users/d4rt4gn4n/Documents/projet_7_openclassroom/library-web-service/libraryservice-technical/target/test-classes:/Users/d4rt4gn4n/Documents/projet_7_openclassroom/library-web-service/libraryservice-technical/target/classes:/Users/d4rt4gn4n/Documents/projet_7_openclassroom/library-web-service/libraryservice-model/target/libraryservice-model-1.0-SNAPSHOT.jar:/Users/d4rt4gn4n/Documents/projet_7_openclassroom/library-web-service/~/Documents/Openclassroom/openclassroom/Projet/Annexe/work/env/maven/repository/javax/validation/validation-api/2.0.1.Final/validation-api-2.0.1.Final.jar:/Users/d4rt4gn4n/Documents/projet_7_openclassroom/library-web-service/~/Documents/Openclassroom/openclassroom/Projet/Annexe/work/env/maven/repository/org/passay/passay/1.5.0/passay-1.5.0.jar:/Users/d4rt4gn4n/Documents/projet_7_openclassroom/library-web-service/~/Documents/Openclassroom/openclassroom/Projet/Annexe/work/env/maven/repository/com/google/guava/guava/28.1-jre/guava-28.1-jre.jar:/Users/d4rt4gn4n/Documents/projet_7_openclassroom/library-web-service/~/Documents/Openclassroom/openclassroom/Projet/Annexe/work/env/maven/repository/com/google/guava/failureaccess/1.0.1/failureaccess-1.0.1.jar:/Users/d4rt4gn4n/Documents/projet_7_openclassroom/library-web-service/~/Documents/Openclassroom/openclassroom/Projet/Annexe/work/env/maven/repository/com/google/guava/listenablefuture/9999.0-empty-to-avoid-conflict-with-guava/listenablefuture-9999.0-empty-to-avoid-conflict-with-guava.jar:/Users/d4rt4gn4n/Documents/projet_7_openclassroom/library-web-service/~/Documents/Openclassroom/openclassroom/Projet/Annexe/work/env/maven/repository/com/google/code/findbugs/jsr305/3.0.2/jsr305-3.0.2.jar:/Users/d4rt4gn4n/Documents/projet_7_openclassroom/library-web-service/~/Documents/Openclassroom/openclassroom/Projet/Annexe/work/env/maven/repository/org/checkerframework/checker-qual/2.8.1/checker-qual-2.8.1.jar:/Users/d4rt4gn4n/Documents/projet_7_openclassroom/library-web-service/~/Documents/Openclassroom/openclassroom/Projet/Annexe/work/env/maven/repository/com/google/errorprone/error_prone_annotations/2.3.2/error_prone_annotations-2.3.2.jar:/Users/d4rt4gn4n/Documents/projet_7_openclassroom/library-web-service/~/Documents/Openclassroom/openclassroom/Projet/Annexe/work/env/maven/repository/com/google/j2objc/j2objc-annotations/1.3/j2objc-annotations-1.3.jar:/Users/d4rt4gn4n/Documents/projet_7_openclassroom/library-web-service/~/Documents/Openclassroom/openclassroom/Projet/Annexe/work/env/maven/repository/org/codehaus/mojo/animal-sniffer-annotations/1.18/animal-sniffer-annotations-1.18.jar:/Users/d4rt4gn4n/Documents/projet_7_openclassroom/library-web-service/~/Documents/Openclassroom/openclassroom/Projet/Annexe/work/env/maven/repository/org/springframework/spring-context/5.2.0.RELEASE/spring-context-5.2.0.RELEASE.jar:/Users/d4rt4gn4n/Documents/projet_7_openclassroom/library-web-service/~/Documents/Openclassroom/openclassroom/Projet/Annexe/work/env/maven/repository/org/springframework/spring-aop/5.2.0.RELEASE/spring-aop-5.2.0.RELEASE.jar:/Users/d4rt4gn4n/Documents/projet_7_openclassroom/library-web-service/~/Documents/Openclassroom/openclassroom/Projet/Annexe/work/env/maven/repository/org/springframework/spring-beans/5.2.0.RELEASE/spring-beans-5.2.0.RELEASE.jar:/Users/d4rt4gn4n/Documents/projet_7_openclassroom/library-web-service/~/Documents/Openclassroom/openclassroom/Projet/Annexe/work/env/maven/repository/org/springframework/spring-core/5.2.0.RELEASE/spring-core-5.2.0.RELEASE.jar:/Users/d4rt4gn4n/Documents/projet_7_openclassroom/library-web-service/~/Documents/Openclassroom/openclassroom/Projet/Annexe/work/env/maven/repository/org/springframework/spring-jcl/5.2.0.RELEASE/spring-jcl-5.2.0.RELEASE.jar:/Users/d4rt4gn4n/Documents/projet_7_openclassroom/library-web-service/~/Documents/Openclassroom/openclassroom/Projet/Annexe/work/env/maven/repository/org/springframework/spring-expression/5.2.0.RELEASE/spring-expression-5.2.0.RELEASE.jar:/Users/d4rt4gn4n/Documents/projet_7_openclassroom/library-web-service/~/Documents/Openclassroom/openclassroom/Projet/Annexe/work/env/maven/repository/org/springframework/boot/spring-boot-starter-data-jpa/2.2.0.RELEASE/spring-boot-starter-data-jpa-2.2.0.RELEASE.jar:/Users/d4rt4gn4n/Documents/projet_7_openclassroom/library-web-service/~/Documents/Openclassroom/openclassroom/Projet/Annexe/work/env/maven/repository/org/springframework/boot/spring-boot-starter-aop/2.2.0.RELEASE/spring-boot-starter-aop-2.2.0.RELEASE.jar:/Users/d4rt4gn4n/Documents/projet_7_openclassroom/library-web-service/~/Documents/Openclassroom/openclassroom/Projet/Annexe/work/env/maven/repository/org/aspectj/aspectjweaver/1.9.4/aspectjweaver-1.9.4.jar:/Users/d4rt4gn4n/Documents/projet_7_openclassroom/library-web-service/~/Documents/Openclassroom/openclassroom/Projet/Annexe/work/env/maven/repository/org/springframework/boot/spring-boot-starter-jdbc/2.2.0.RELEASE/spring-boot-starter-jdbc-2.2.0.RELEASE.jar:/Users/d4rt4gn4n/Documents/projet_7_openclassroom/library-web-service/~/Documents/Openclassroom/openclassroom/Projet/Annexe/work/env/maven/repository/com/zaxxer/HikariCP/3.4.1/HikariCP-3.4.1.jar:/Users/d4rt4gn4n/Documents/projet_7_openclassroom/library-web-service/~/Documents/Openclassroom/openclassroom/Projet/Annexe/work/env/maven/repository/org/springframework/spring-jdbc/5.2.0.RELEASE/spring-jdbc-5.2.0.RELEASE.jar:/Users/d4rt4gn4n/Documents/projet_7_openclassroom/library-web-service/~/Documents/Openclassroom/openclassroom/Projet/Annexe/work/env/maven/repository/jakarta/activation/jakarta.activation-api/1.2.1/jakarta.activation-api-1.2.1.jar:/Users/d4rt4gn4n/Documents/projet_7_openclassroom/library-web-service/~/Documents/Openclassroom/openclassroom/Projet/Annexe/work/env/maven/repository/jakarta/persistence/jakarta.persistence-api/2.2.3/jakarta.persistence-api-2.2.3.jar:/Users/d4rt4gn4n/Documents/projet_7_openclassroom/library-web-service/~/Documents/Openclassroom/openclassroom/Projet/Annexe/work/env/maven/repository/jakarta/transaction/jakarta.transaction-api/1.3.3/jakarta.transaction-api-1.3.3.jar:/Users/d4rt4gn4n/Documents/projet_7_openclassroom/library-web-service/~/Documents/Openclassroom/openclassroom/Projet/Annexe/work/env/maven/repository/org/hibernate/hibernate-core/5.4.6.Final/hibernate-core-5.4.6.Final.jar:/Users/d4rt4gn4n/Documents/projet_7_openclassroom/library-web-service/~/Documents/Openclassroom/openclassroom/Projet/Annexe/work/env/maven/repository/org/javassist/javassist/3.24.0-GA/javassist-3.24.0-GA.jar:/Users/d4rt4gn4n/Documents/projet_7_openclassroom/library-web-service/~/Documents/Openclassroom/openclassroom/Projet/Annexe/work/env/maven/repository/antlr/antlr/2.7.7/antlr-2.7.7.jar:/Users/d4rt4gn4n/Documents/projet_7_openclassroom/library-web-service/~/Documents/Openclassroom/openclassroom/Projet/Annexe/work/env/maven/repository/org/jboss/jandex/2.0.5.Final/jandex-2.0.5.Final.jar:/Users/d4rt4gn4n/Documents/projet_7_openclassroom/library-web-service/~/Documents/Openclassroom/openclassroom/Projet/Annexe/work/env/maven/repository/com/fasterxml/classmate/1.3.4/classmate-1.3.4.jar:/Users/d4rt4gn4n/Documents/projet_7_openclassroom/library-web-service/~/Documents/Openclassroom/openclassroom/Projet/Annexe/work/env/maven/repository/org/glassfish/jaxb/jaxb-runtime/2.3.1/jaxb-runtime-2.3.1.jar:/Users/d4rt4gn4n/Documents/projet_7_openclassroom/library-web-service/~/Documents/Openclassroom/openclassroom/Projet/Annexe/work/env/maven/repository/org/glassfish/jaxb/txw2/2.3.1/txw2-2.3.1.jar:/Users/d4rt4gn4n/Documents/projet_7_openclassroom/library-web-service/~/Documents/Openclassroom/openclassroom/Projet/Annexe/work/env/maven/repository/com/sun/istack/istack-commons-runtime/3.0.7/istack-commons-runtime-3.0.7.jar:/Users/d4rt4gn4n/Documents/projet_7_openclassroom/library-web-service/~/Documents/Openclassroom/openclassroom/Projet/Annexe/work/env/maven/repository/org/jvnet/staxex/stax-ex/1.8/stax-ex-1.8.jar:/Users/d4rt4gn4n/Documents/projet_7_openclassroom/library-web-service/~/Documents/Openclassroom/openclassroom/Projet/Annexe/work/env/maven/repository/com/sun/xml/fastinfoset/FastInfoset/1.2.15/FastInfoset-1.2.15.jar:/Users/d4rt4gn4n/Documents/projet_7_openclassroom/library-web-service/~/Documents/Openclassroom/openclassroom/Projet/Annexe/work/env/maven/repository/org/springframework/data/spring-data-jpa/2.2.0.RELEASE/spring-data-jpa-2.2.0.RELEASE.jar:/Users/d4rt4gn4n/Documents/projet_7_openclassroom/library-web-service/~/Documents/Openclassroom/openclassroom/Projet/Annexe/work/env/maven/repository/org/springframework/data/spring-data-commons/2.2.0.RELEASE/spring-data-commons-2.2.0.RELEASE.jar:/Users/d4rt4gn4n/Documents/projet_7_openclassroom/library-web-service/~/Documents/Openclassroom/openclassroom/Projet/Annexe/work/env/maven/repository/org/springframework/spring-orm/5.2.0.RELEASE/spring-orm-5.2.0.RELEASE.jar:/Users/d4rt4gn4n/Documents/projet_7_openclassroom/library-web-service/~/Documents/Openclassroom/openclassroom/Projet/Annexe/work/env/maven/repository/org/springframework/spring-tx/5.2.0.RELEASE/spring-tx-5.2.0.RELEASE.jar:/Users/d4rt4gn4n/Documents/projet_7_openclassroom/library-web-service/~/Documents/Openclassroom/openclassroom/Projet/Annexe/work/env/maven/repository/org/slf4j/slf4j-api/1.7.26/slf4j-api-1.7.26.jar:/Users/d4rt4gn4n/Documents/projet_7_openclassroom/library-web-service/~/Documents/Openclassroom/openclassroom/Projet/Annexe/work/env/maven/repository/org/springframework/spring-aspects/5.2.0.RELEASE/spring-aspects-5.2.0.RELEASE.jar:/Users/d4rt4gn4n/Documents/projet_7_openclassroom/library-web-service/~/Documents/Openclassroom/openclassroom/Projet/Annexe/work/env/maven/repository/org/springframework/boot/spring-boot-starter-security/2.2.0.RELEASE/spring-boot-starter-security-2.2.0.RELEASE.jar:/Users/d4rt4gn4n/Documents/projet_7_openclassroom/library-web-service/~/Documents/Openclassroom/openclassroom/Projet/Annexe/work/env/maven/repository/org/springframework/boot/spring-boot-starter/2.2.0.RELEASE/spring-boot-starter-2.2.0.RELEASE.jar:/Users/d4rt4gn4n/Documents/projet_7_openclassroom/library-web-service/~/Documents/Openclassroom/openclassroom/Projet/Annexe/work/env/maven/repository/org/springframework/boot/spring-boot/2.2.0.RELEASE/spring-boot-2.2.0.RELEASE.jar:/Users/d4rt4gn4n/Documents/projet_7_openclassroom/library-web-service/~/Documents/Openclassroom/openclassroom/Projet/Annexe/work/env/maven/repository/org/springframework/boot/spring-boot-autoconfigure/2.2.0.RELEASE/spring-boot-autoconfigure-2.2.0.RELEASE.jar:/Users/d4rt4gn4n/Documents/projet_7_openclassroom/library-web-service/~/Documents/Openclassroom/openclassroom/Projet/Annexe/work/env/maven/repository/org/springframework/boot/spring-boot-starter-logging/2.2.0.RELEASE/spring-boot-starter-logging-2.2.0.RELEASE.jar:/Users/d4rt4gn4n/Documents/projet_7_openclassroom/library-web-service/~/Documents/Openclassroom/openclassroom/Projet/Annexe/work/env/maven/repository/ch/qos/logback/logback-classic/1.2.3/logback-classic-1.2.3.jar:/Users/d4rt4gn4n/Documents/projet_7_openclassroom/library-web-service/~/Documents/Openclassroom/openclassroom/Projet/Annexe/work/env/maven/repository/ch/qos/logback/logback-core/1.2.3/logback-core-1.2.3.jar:/Users/d4rt4gn4n/Documents/projet_7_openclassroom/library-web-service/~/Documents/Openclassroom/openclassroom/Projet/Annexe/work/env/maven/repository/org/apache/logging/log4j/log4j-to-slf4j/2.12.1/log4j-to-slf4j-2.12.1.jar:/Users/d4rt4gn4n/Documents/projet_7_openclassroom/library-web-service/~/Documents/Openclassroom/openclassroom/Projet/Annexe/work/env/maven/repository/org/apache/logging/log4j/log4j-api/2.12.1/log4j-api-2.12.1.jar:/Users/d4rt4gn4n/Documents/projet_7_openclassroom/library-web-service/~/Documents/Openclassroom/openclassroom/Projet/Annexe/work/env/maven/repository/org/slf4j/jul-to-slf4j/1.7.28/jul-to-slf4j-1.7.28.jar:/Users/d4rt4gn4n/Documents/projet_7_openclassroom/library-web-service/~/Documents/Openclassroom/openclassroom/Projet/Annexe/work/env/maven/repository/jakarta/annotation/jakarta.annotation-api/1.3.5/jakarta.annotation-api-1.3.5.jar:/Users/d4rt4gn4n/Documents/projet_7_openclassroom/library-web-service/~/Documents/Openclassroom/openclassroom/Projet/Annexe/work/env/maven/repository/org/yaml/snakeyaml/1.25/snakeyaml-1.25.jar:/Users/d4rt4gn4n/Documents/projet_7_openclassroom/library-web-service/~/Documents/Openclassroom/openclassroom/Projet/Annexe/work/env/maven/repository/org/springframework/security/spring-security-config/5.2.0.RELEASE/spring-security-config-5.2.0.RELEASE.jar:/Users/d4rt4gn4n/Documents/projet_7_openclassroom/library-web-service/~/Documents/Openclassroom/openclassroom/Projet/Annexe/work/env/maven/repository/org/springframework/security/spring-security-core/5.2.0.RELEASE/spring-security-core-5.2.0.RELEASE.jar:/Users/d4rt4gn4n/Documents/projet_7_openclassroom/library-web-service/~/Documents/Openclassroom/openclassroom/Projet/Annexe/work/env/maven/repository/org/springframework/security/spring-security-web/5.2.0.RELEASE/spring-security-web-5.2.0.RELEASE.jar:/Users/d4rt4gn4n/Documents/projet_7_openclassroom/library-web-service/~/Documents/Openclassroom/openclassroom/Projet/Annexe/work/env/maven/repository/org/springframework/spring-web/5.2.0.RELEASE/spring-web-5.2.0.RELEASE.jar:/Users/d4rt4gn4n/Documents/projet_7_openclassroom/library-web-service/~/Documents/Openclassroom/openclassroom/Projet/Annexe/work/env/maven/repository/javax/servlet/javax.servlet-api/4.0.1/javax.servlet-api-4.0.1.jar:/Users/d4rt4gn4n/Documents/projet_7_openclassroom/library-web-service/~/Documents/Openclassroom/openclassroom/Projet/Annexe/work/env/maven/repository/org/postgresql/postgresql/42.2.8/postgresql-42.2.8.jar:/Users/d4rt4gn4n/Documents/projet_7_openclassroom/library-web-service/~/Documents/Openclassroom/openclassroom/Projet/Annexe/work/env/maven/repository/org/hibernate/hibernate-entitymanager/5.4.2.Final/hibernate-entitymanager-5.4.2.Final.jar:/Users/d4rt4gn4n/Documents/projet_7_openclassroom/library-web-service/~/Documents/Openclassroom/openclassroom/Projet/Annexe/work/env/maven/repository/org/jboss/logging/jboss-logging/3.3.2.Final/jboss-logging-3.3.2.Final.jar:/Users/d4rt4gn4n/Documents/projet_7_openclassroom/library-web-service/~/Documents/Openclassroom/openclassroom/Projet/Annexe/work/env/maven/repository/org/dom4j/dom4j/2.1.1/dom4j-2.1.1.jar:/Users/d4rt4gn4n/Documents/projet_7_openclassroom/library-web-service/~/Documents/Openclassroom/openclassroom/Projet/Annexe/work/env/maven/repository/org/hibernate/common/hibernate-commons-annotations/5.1.0.Final/hibernate-commons-annotations-5.1.0.Final.jar:/Users/d4rt4gn4n/Documents/projet_7_openclassroom/library-web-service/~/Documents/Openclassroom/openclassroom/Projet/Annexe/work/env/maven/repository/javax/persistence/javax.persistence-api/2.2/javax.persistence-api-2.2.jar:/Users/d4rt4gn4n/Documents/projet_7_openclassroom/library-web-service/~/Documents/Openclassroom/openclassroom/Projet/Annexe/work/env/maven/repository/net/bytebuddy/byte-buddy/1.9.10/byte-buddy-1.9.10.jar:/Users/d4rt4gn4n/Documents/projet_7_openclassroom/library-web-service/~/Documents/Openclassroom/openclassroom/Projet/Annexe/work/env/maven/repository/org/jboss/spec/javax/transaction/jboss-transaction-api_1.2_spec/1.1.1.Final/jboss-transaction-api_1.2_spec-1.1.1.Final.jar:/Users/d4rt4gn4n/Documents/projet_7_openclassroom/library-web-service/~/Documents/Openclassroom/openclassroom/Projet/Annexe/work/env/maven/repository/junit/junit/4.11/junit-4.11.jar:/Users/d4rt4gn4n/Documents/projet_7_openclassroom/library-web-service/~/Documents/Openclassroom/openclassroom/Projet/Annexe/work/env/maven/repository/org/hamcrest/hamcrest-core/1.3/hamcrest-core-1.3.jar:/Users/d4rt4gn4n/Documents/projet_7_openclassroom/library-web-service/~/Documents/Openclassroom/openclassroom/Projet/Annexe/work/env/maven/repository/javax/inject/javax.inject/1/javax.inject-1.jar:"/>
    <property name="java.vm.vendor" value="Oracle Corporation"/>
    <property name="sun.arch.data.model" value="64"/>
    <property name="java.vendor.url" value="http://java.oracle.com/"/>
    <property name="user.timezone" value=""/>
    <property name="java.vm.specification.version" value="1.8"/>
    <property name="os.name" value="Mac OS X"/>
    <property name="user.country" value="FR"/>
    <property name="sun.java.launcher" value="SUN_STANDARD"/>
    <property name="sun.boot.library.path" value="/Library/Java/JavaVirtualMachines/jdk1.8.0_171.jdk/Contents/Home/jre/lib"/>
    <property name="sun.java.command" value="/Users/d4rt4gn4n/Documents/projet_7_openclassroom/library-web-service/libraryservice-technical/target/surefire/surefirebooter4752326318301029882.jar /Users/d4rt4gn4n/Documents/projet_7_openclassroom/library-web-service/libraryservice-technical/target/surefire 2020-04-22T19-09-09_802-jvmRun1 surefire669370279870744929tmp surefire_15168073088522264370tmp"/>
    <property name="http.nonProxyHosts" value="local|*.local|169.254/16|*.169.254/16"/>
    <property name="surefire.test.class.path" value="/Users/d4rt4gn4n/Documents/projet_7_openclassroom/library-web-service/libraryservice-technical/target/test-classes:/Users/d4rt4gn4n/Documents/projet_7_openclassroom/library-web-service/libraryservice-technical/target/classes:/Users/d4rt4gn4n/Documents/projet_7_openclassroom/library-web-service/libraryservice-model/target/libraryservice-model-1.0-SNAPSHOT.jar:/Users/d4rt4gn4n/Documents/projet_7_openclassroom/library-web-service/~/Documents/Openclassroom/openclassroom/Projet/Annexe/work/env/maven/repository/javax/validation/validation-api/2.0.1.Final/validation-api-2.0.1.Final.jar:/Users/d4rt4gn4n/Documents/projet_7_openclassroom/library-web-service/~/Documents/Openclassroom/openclassroom/Projet/Annexe/work/env/maven/repository/org/passay/passay/1.5.0/passay-1.5.0.jar:/Users/d4rt4gn4n/Documents/projet_7_openclassroom/library-web-service/~/Documents/Openclassroom/openclassroom/Projet/Annexe/work/env/maven/repository/com/google/guava/guava/28.1-jre/guava-28.1-jre.jar:/Users/d4rt4gn4n/Documents/projet_7_openclassroom/library-web-service/~/Documents/Openclassroom/openclassroom/Projet/Annexe/work/env/maven/repository/com/google/guava/failureaccess/1.0.1/failureaccess-1.0.1.jar:/Users/d4rt4gn4n/Documents/projet_7_openclassroom/library-web-service/~/Documents/Openclassroom/openclassroom/Projet/Annexe/work/env/maven/repository/com/google/guava/listenablefuture/9999.0-empty-to-avoid-conflict-with-guava/listenablefuture-9999.0-empty-to-avoid-conflict-with-guava.jar:/Users/d4rt4gn4n/Documents/projet_7_openclassroom/library-web-service/~/Documents/Openclassroom/openclassroom/Projet/Annexe/work/env/maven/repository/com/google/code/findbugs/jsr305/3.0.2/jsr305-3.0.2.jar:/Users/d4rt4gn4n/Documents/projet_7_openclassroom/library-web-service/~/Documents/Openclassroom/openclassroom/Projet/Annexe/work/env/maven/repository/org/checkerframework/checker-qual/2.8.1/checker-qual-2.8.1.jar:/Users/d4rt4gn4n/Documents/projet_7_openclassroom/library-web-service/~/Documents/Openclassroom/openclassroom/Projet/Annexe/work/env/maven/repository/com/google/errorprone/error_prone_annotations/2.3.2/error_prone_annotations-2.3.2.jar:/Users/d4rt4gn4n/Documents/projet_7_openclassroom/library-web-service/~/Documents/Openclassroom/openclassroom/Projet/Annexe/work/env/maven/repository/com/google/j2objc/j2objc-annotations/1.3/j2objc-annotations-1.3.jar:/Users/d4rt4gn4n/Documents/projet_7_openclassroom/library-web-service/~/Documents/Openclassroom/openclassroom/Projet/Annexe/work/env/maven/repository/org/codehaus/mojo/animal-sniffer-annotations/1.18/animal-sniffer-annotations-1.18.jar:/Users/d4rt4gn4n/Documents/projet_7_openclassroom/library-web-service/~/Documents/Openclassroom/openclassroom/Projet/Annexe/work/env/maven/repository/org/springframework/spring-context/5.2.0.RELEASE/spring-context-5.2.0.RELEASE.jar:/Users/d4rt4gn4n/Documents/projet_7_openclassroom/library-web-service/~/Documents/Openclassroom/openclassroom/Projet/Annexe/work/env/maven/repository/org/springframework/spring-aop/5.2.0.RELEASE/spring-aop-5.2.0.RELEASE.jar:/Users/d4rt4gn4n/Documents/projet_7_openclassroom/library-web-service/~/Documents/Openclassroom/openclassroom/Projet/Annexe/work/env/maven/repository/org/springframework/spring-beans/5.2.0.RELEASE/spring-beans-5.2.0.RELEASE.jar:/Users/d4rt4gn4n/Documents/projet_7_openclassroom/library-web-service/~/Documents/Openclassroom/openclassroom/Projet/Annexe/work/env/maven/repository/org/springframework/spring-core/5.2.0.RELEASE/spring-core-5.2.0.RELEASE.jar:/Users/d4rt4gn4n/Documents/projet_7_openclassroom/library-web-service/~/Documents/Openclassroom/openclassroom/Projet/Annexe/work/env/maven/repository/org/springframework/spring-jcl/5.2.0.RELEASE/spring-jcl-5.2.0.RELEASE.jar:/Users/d4rt4gn4n/Documents/projet_7_openclassroom/library-web-service/~/Documents/Openclassroom/openclassroom/Projet/Annexe/work/env/maven/repository/org/springframework/spring-expression/5.2.0.RELEASE/spring-expression-5.2.0.RELEASE.jar:/Users/d4rt4gn4n/Documents/projet_7_openclassroom/library-web-service/~/Documents/Openclassroom/openclassroom/Projet/Annexe/work/env/maven/repository/org/springframework/boot/spring-boot-starter-data-jpa/2.2.0.RELEASE/spring-boot-starter-data-jpa-2.2.0.RELEASE.jar:/Users/d4rt4gn4n/Documents/projet_7_openclassroom/library-web-service/~/Documents/Openclassroom/openclassroom/Projet/Annexe/work/env/maven/repository/org/springframework/boot/spring-boot-starter-aop/2.2.0.RELEASE/spring-boot-starter-aop-2.2.0.RELEASE.jar:/Users/d4rt4gn4n/Documents/projet_7_openclassroom/library-web-service/~/Documents/Openclassroom/openclassroom/Projet/Annexe/work/env/maven/repository/org/aspectj/aspectjweaver/1.9.4/aspectjweaver-1.9.4.jar:/Users/d4rt4gn4n/Documents/projet_7_openclassroom/library-web-service/~/Documents/Openclassroom/openclassroom/Projet/Annexe/work/env/maven/repository/org/springframework/boot/spring-boot-starter-jdbc/2.2.0.RELEASE/spring-boot-starter-jdbc-2.2.0.RELEASE.jar:/Users/d4rt4gn4n/Documents/projet_7_openclassroom/library-web-service/~/Documents/Openclassroom/openclassroom/Projet/Annexe/work/env/maven/repository/com/zaxxer/HikariCP/3.4.1/HikariCP-3.4.1.jar:/Users/d4rt4gn4n/Documents/projet_7_openclassroom/library-web-service/~/Documents/Openclassroom/openclassroom/Projet/Annexe/work/env/maven/repository/org/springframework/spring-jdbc/5.2.0.RELEASE/spring-jdbc-5.2.0.RELEASE.jar:/Users/d4rt4gn4n/Documents/projet_7_openclassroom/library-web-service/~/Documents/Openclassroom/openclassroom/Projet/Annexe/work/env/maven/repository/jakarta/activation/jakarta.activation-api/1.2.1/jakarta.activation-api-1.2.1.jar:/Users/d4rt4gn4n/Documents/projet_7_openclassroom/library-web-service/~/Documents/Openclassroom/openclassroom/Projet/Annexe/work/env/maven/repository/jakarta/persistence/jakarta.persistence-api/2.2.3/jakarta.persistence-api-2.2.3.jar:/Users/d4rt4gn4n/Documents/projet_7_openclassroom/library-web-service/~/Documents/Openclassroom/openclassroom/Projet/Annexe/work/env/maven/repository/jakarta/transaction/jakarta.transaction-api/1.3.3/jakarta.transaction-api-1.3.3.jar:/Users/d4rt4gn4n/Documents/projet_7_openclassroom/library-web-service/~/Documents/Openclassroom/openclassroom/Projet/Annexe/work/env/maven/repository/org/hibernate/hibernate-core/5.4.6.Final/hibernate-core-5.4.6.Final.jar:/Users/d4rt4gn4n/Documents/projet_7_openclassroom/library-web-service/~/Documents/Openclassroom/openclassroom/Projet/Annexe/work/env/maven/repository/org/javassist/javassist/3.24.0-GA/javassist-3.24.0-GA.jar:/Users/d4rt4gn4n/Documents/projet_7_openclassroom/library-web-service/~/Documents/Openclassroom/openclassroom/Projet/Annexe/work/env/maven/repository/antlr/antlr/2.7.7/antlr-2.7.7.jar:/Users/d4rt4gn4n/Documents/projet_7_openclassroom/library-web-service/~/Documents/Openclassroom/openclassroom/Projet/Annexe/work/env/maven/repository/org/jboss/jandex/2.0.5.Final/jandex-2.0.5.Final.jar:/Users/d4rt4gn4n/Documents/projet_7_openclassroom/library-web-service/~/Documents/Openclassroom/openclassroom/Projet/Annexe/work/env/maven/repository/com/fasterxml/classmate/1.3.4/classmate-1.3.4.jar:/Users/d4rt4gn4n/Documents/projet_7_openclassroom/library-web-service/~/Documents/Openclassroom/openclassroom/Projet/Annexe/work/env/maven/repository/org/glassfish/jaxb/jaxb-runtime/2.3.1/jaxb-runtime-2.3.1.jar:/Users/d4rt4gn4n/Documents/projet_7_openclassroom/library-web-service/~/Documents/Openclassroom/openclassroom/Projet/Annexe/work/env/maven/repository/org/glassfish/jaxb/txw2/2.3.1/txw2-2.3.1.jar:/Users/d4rt4gn4n/Documents/projet_7_openclassroom/library-web-service/~/Documents/Openclassroom/openclassroom/Projet/Annexe/work/env/maven/repository/com/sun/istack/istack-commons-runtime/3.0.7/istack-commons-runtime-3.0.7.jar:/Users/d4rt4gn4n/Documents/projet_7_openclassroom/library-web-service/~/Documents/Openclassroom/openclassroom/Projet/Annexe/work/env/maven/repository/org/jvnet/staxex/stax-ex/1.8/stax-ex-1.8.jar:/Users/d4rt4gn4n/Documents/projet_7_openclassroom/library-web-service/~/Documents/Openclassroom/openclassroom/Projet/Annexe/work/env/maven/repository/com/sun/xml/fastinfoset/FastInfoset/1.2.15/FastInfoset-1.2.15.jar:/Users/d4rt4gn4n/Documents/projet_7_openclassroom/library-web-service/~/Documents/Openclassroom/openclassroom/Projet/Annexe/work/env/maven/repository/org/springframework/data/spring-data-jpa/2.2.0.RELEASE/spring-data-jpa-2.2.0.RELEASE.jar:/Users/d4rt4gn4n/Documents/projet_7_openclassroom/library-web-service/~/Documents/Openclassroom/openclassroom/Projet/Annexe/work/env/maven/repository/org/springframework/data/spring-data-commons/2.2.0.RELEASE/spring-data-commons-2.2.0.RELEASE.jar:/Users/d4rt4gn4n/Documents/projet_7_openclassroom/library-web-service/~/Documents/Openclassroom/openclassroom/Projet/Annexe/work/env/maven/repository/org/springframework/spring-orm/5.2.0.RELEASE/spring-orm-5.2.0.RELEASE.jar:/Users/d4rt4gn4n/Documents/projet_7_openclassroom/library-web-service/~/Documents/Openclassroom/openclassroom/Projet/Annexe/work/env/maven/repository/org/springframework/spring-tx/5.2.0.RELEASE/spring-tx-5.2.0.RELEASE.jar:/Users/d4rt4gn4n/Documents/projet_7_openclassroom/library-web-service/~/Documents/Openclassroom/openclassroom/Projet/Annexe/work/env/maven/repository/org/slf4j/slf4j-api/1.7.26/slf4j-api-1.7.26.jar:/Users/d4rt4gn4n/Documents/projet_7_openclassroom/library-web-service/~/Documents/Openclassroom/openclassroom/Projet/Annexe/work/env/maven/repository/org/springframework/spring-aspects/5.2.0.RELEASE/spring-aspects-5.2.0.RELEASE.jar:/Users/d4rt4gn4n/Documents/projet_7_openclassroom/library-web-service/~/Documents/Openclassroom/openclassroom/Projet/Annexe/work/env/maven/repository/org/springframework/boot/spring-boot-starter-security/2.2.0.RELEASE/spring-boot-starter-security-2.2.0.RELEASE.jar:/Users/d4rt4gn4n/Documents/projet_7_openclassroom/library-web-service/~/Documents/Openclassroom/openclassroom/Projet/Annexe/work/env/maven/repository/org/springframework/boot/spring-boot-starter/2.2.0.RELEASE/spring-boot-starter-2.2.0.RELEASE.jar:/Users/d4rt4gn4n/Documents/projet_7_openclassroom/library-web-service/~/Documents/Openclassroom/openclassroom/Projet/Annexe/work/env/maven/repository/org/springframework/boot/spring-boot/2.2.0.RELEASE/spring-boot-2.2.0.RELEASE.jar:/Users/d4rt4gn4n/Documents/projet_7_openclassroom/library-web-service/~/Documents/Openclassroom/openclassroom/Projet/Annexe/work/env/maven/repository/org/springframework/boot/spring-boot-autoconfigure/2.2.0.RELEASE/spring-boot-autoconfigure-2.2.0.RELEASE.jar:/Users/d4rt4gn4n/Documents/projet_7_openclassroom/library-web-service/~/Documents/Openclassroom/openclassroom/Projet/Annexe/work/env/maven/repository/org/springframework/boot/spring-boot-starter-logging/2.2.0.RELEASE/spring-boot-starter-logging-2.2.0.RELEASE.jar:/Users/d4rt4gn4n/Documents/projet_7_openclassroom/library-web-service/~/Documents/Openclassroom/openclassroom/Projet/Annexe/work/env/maven/repository/ch/qos/logback/logback-classic/1.2.3/logback-classic-1.2.3.jar:/Users/d4rt4gn4n/Documents/projet_7_openclassroom/library-web-service/~/Documents/Openclassroom/openclassroom/Projet/Annexe/work/env/maven/repository/ch/qos/logback/logback-core/1.2.3/logback-core-1.2.3.jar:/Users/d4rt4gn4n/Documents/projet_7_openclassroom/library-web-service/~/Documents/Openclassroom/openclassroom/Projet/Annexe/work/env/maven/repository/org/apache/logging/log4j/log4j-to-slf4j/2.12.1/log4j-to-slf4j-2.12.1.jar:/Users/d4rt4gn4n/Documents/projet_7_openclassroom/library-web-service/~/Documents/Openclassroom/openclassroom/Projet/Annexe/work/env/maven/repository/org/apache/logging/log4j/log4j-api/2.12.1/log4j-api-2.12.1.jar:/Users/d4rt4gn4n/Documents/projet_7_openclassroom/library-web-service/~/Documents/Openclassroom/openclassroom/Projet/Annexe/work/env/maven/repository/org/slf4j/jul-to-slf4j/1.7.28/jul-to-slf4j-1.7.28.jar:/Users/d4rt4gn4n/Documents/projet_7_openclassroom/library-web-service/~/Documents/Openclassroom/openclassroom/Projet/Annexe/work/env/maven/repository/jakarta/annotation/jakarta.annotation-api/1.3.5/jakarta.annotation-api-1.3.5.jar:/Users/d4rt4gn4n/Documents/projet_7_openclassroom/library-web-service/~/Documents/Openclassroom/openclassroom/Projet/Annexe/work/env/maven/repository/org/yaml/snakeyaml/1.25/snakeyaml-1.25.jar:/Users/d4rt4gn4n/Documents/projet_7_openclassroom/library-web-service/~/Documents/Openclassroom/openclassroom/Projet/Annexe/work/env/maven/repository/org/springframework/security/spring-security-config/5.2.0.RELEASE/spring-security-config-5.2.0.RELEASE.jar:/Users/d4rt4gn4n/Documents/projet_7_openclassroom/library-web-service/~/Documents/Openclassroom/openclassroom/Projet/Annexe/work/env/maven/repository/org/springframework/security/spring-security-core/5.2.0.RELEASE/spring-security-core-5.2.0.RELEASE.jar:/Users/d4rt4gn4n/Documents/projet_7_openclassroom/library-web-service/~/Documents/Openclassroom/openclassroom/Projet/Annexe/work/env/maven/repository/org/springframework/security/spring-security-web/5.2.0.RELEASE/spring-security-web-5.2.0.RELEASE.jar:/Users/d4rt4gn4n/Documents/projet_7_openclassroom/library-web-service/~/Documents/Openclassroom/openclassroom/Projet/Annexe/work/env/maven/repository/org/springframework/spring-web/5.2.0.RELEASE/spring-web-5.2.0.RELEASE.jar:/Users/d4rt4gn4n/Documents/projet_7_openclassroom/library-web-service/~/Documents/Openclassroom/openclassroom/Projet/Annexe/work/env/maven/repository/javax/servlet/javax.servlet-api/4.0.1/javax.servlet-api-4.0.1.jar:/Users/d4rt4gn4n/Documents/projet_7_openclassroom/library-web-service/~/Documents/Openclassroom/openclassroom/Projet/Annexe/work/env/maven/repository/org/postgresql/postgresql/42.2.8/postgresql-42.2.8.jar:/Users/d4rt4gn4n/Documents/projet_7_openclassroom/library-web-service/~/Documents/Openclassroom/openclassroom/Projet/Annexe/work/env/maven/repository/org/hibernate/hibernate-entitymanager/5.4.2.Final/hibernate-entitymanager-5.4.2.Final.jar:/Users/d4rt4gn4n/Documents/projet_7_openclassroom/library-web-service/~/Documents/Openclassroom/openclassroom/Projet/Annexe/work/env/maven/repository/org/jboss/logging/jboss-logging/3.3.2.Final/jboss-logging-3.3.2.Final.jar:/Users/d4rt4gn4n/Documents/projet_7_openclassroom/library-web-service/~/Documents/Openclassroom/openclassroom/Projet/Annexe/work/env/maven/repository/org/dom4j/dom4j/2.1.1/dom4j-2.1.1.jar:/Users/d4rt4gn4n/Documents/projet_7_openclassroom/library-web-service/~/Documents/Openclassroom/openclassroom/Projet/Annexe/work/env/maven/repository/org/hibernate/common/hibernate-commons-annotations/5.1.0.Final/hibernate-commons-annotations-5.1.0.Final.jar:/Users/d4rt4gn4n/Documents/projet_7_openclassroom/library-web-service/~/Documents/Openclassroom/openclassroom/Projet/Annexe/work/env/maven/repository/javax/persistence/javax.persistence-api/2.2/javax.persistence-api-2.2.jar:/Users/d4rt4gn4n/Documents/projet_7_openclassroom/library-web-service/~/Documents/Openclassroom/openclassroom/Projet/Annexe/work/env/maven/repository/net/bytebuddy/byte-buddy/1.9.10/byte-buddy-1.9.10.jar:/Users/d4rt4gn4n/Documents/projet_7_openclassroom/library-web-service/~/Documents/Openclassroom/openclassroom/Projet/Annexe/work/env/maven/repository/org/jboss/spec/javax/transaction/jboss-transaction-api_1.2_spec/1.1.1.Final/jboss-transaction-api_1.2_spec-1.1.1.Final.jar:/Users/d4rt4gn4n/Documents/projet_7_openclassroom/library-web-service/~/Documents/Openclassroom/openclassroom/Projet/Annexe/work/env/maven/repository/junit/junit/4.11/junit-4.11.jar:/Users/d4rt4gn4n/Documents/projet_7_openclassroom/library-web-service/~/Documents/Openclassroom/openclassroom/Projet/Annexe/work/env/maven/repository/org/hamcrest/hamcrest-core/1.3/hamcrest-core-1.3.jar:/Users/d4rt4gn4n/Documents/projet_7_openclassroom/library-web-service/~/Documents/Openclassroom/openclassroom/Projet/Annexe/work/env/maven/repository/javax/inject/javax.inject/1/javax.inject-1.jar:"/>
    <property name="sun.cpu.endian" value="little"/>
    <property name="user.home" value="/Users/d4rt4gn4n"/>
    <property name="user.language" value="en"/>
    <property name="java.specification.vendor" value="Oracle Corporation"/>
    <property name="java.home" value="/Library/Java/JavaVirtualMachines/jdk1.8.0_171.jdk/Contents/Home/jre"/>
    <property name="basedir" value="/Users/d4rt4gn4n/Documents/projet_7_openclassroom/library-web-service/libraryservice-technical"/>
    <property name="file.separator" value="/"/>
    <property name="line.separator" value="&#10;"/>
    <property name="idea.version2019.2.4" value="true"/>
    <property name="java.vm.specification.vendor" value="Oracle Corporation"/>
    <property name="java.specification.name" value="Java Platform API Specification"/>
    <property name="java.awt.graphicsenv" value="sun.awt.CGraphicsEnvironment"/>
    <property name="surefire.real.class.path" value="/Users/d4rt4gn4n/Documents/projet_7_openclassroom/library-web-service/libraryservice-technical/target/surefire/surefirebooter4752326318301029882.jar"/>
    <property name="sun.boot.class.path" value="/Library/Java/JavaVirtualMachines/jdk1.8.0_171.jdk/Contents/Home/jre/lib/resources.jar:/Library/Java/JavaVirtualMachines/jdk1.8.0_171.jdk/Contents/Home/jre/lib/rt.jar:/Library/Java/JavaVirtualMachines/jdk1.8.0_171.jdk/Contents/Home/jre/lib/sunrsasign.jar:/Library/Java/JavaVirtualMachines/jdk1.8.0_171.jdk/Contents/Home/jre/lib/jsse.jar:/Library/Java/JavaVirtualMachines/jdk1.8.0_171.jdk/Contents/Home/jre/lib/jce.jar:/Library/Java/JavaVirtualMachines/jdk1.8.0_171.jdk/Contents/Home/jre/lib/charsets.jar:/Library/Java/JavaVirtualMachines/jdk1.8.0_171.jdk/Contents/Home/jre/lib/jfr.jar:/Library/Java/JavaVirtualMachines/jdk1.8.0_171.jdk/Contents/Home/jre/classes"/>
    <property name="sun.management.compiler" value="HotSpot 64-Bit Tiered Compilers"/>
    <property name="ftp.nonProxyHosts" value="local|*.local|169.254/16|*.169.254/16"/>
    <property name="java.runtime.version" value="1.8.0_171-b11"/>
    <property name="user.name" value="d4rt4gn4n"/>
    <property name="path.separator" value=":"/>
    <property name="os.version" value="10.13.6"/>
    <property name="java.endorsed.dirs" value="/Library/Java/JavaVirtualMachines/jdk1.8.0_171.jdk/Contents/Home/jre/lib/endorsed"/>
    <property name="java.runtime.name" value="Java(TM) SE Runtime Environment"/>
    <property name="file.encoding" value="UTF-8"/>
    <property name="java.vm.name" value="Java HotSpot(TM) 64-Bit Server VM"/>
    <property name="localRepository" value="/Users/d4rt4gn4n/Documents/projet_7_openclassroom/library-web-service/~/Documents/Openclassroom/openclassroom/Projet/Annexe/work/env/maven/repository"/>
    <property name="java.vendor.url.bug" value="http://bugreport.sun.com/bugreport/"/>
    <property name="java.io.tmpdir" value="/var/folders/d8/l7l4dxm122jbhzfyk3lfmzh00000gn/T/"/>
    <property name="java.version" value="1.8.0_171"/>
    <property name="user.dir" value="/Users/d4rt4gn4n/Documents/projet_7_openclassroom/library-web-service/libraryservice-technical"/>
    <property name="os.arch" value="x86_64"/>
    <property name="java.vm.specification.name" value="Java Virtual Machine Specification"/>
    <property name="java.awt.printerjob" value="sun.lwawt.macosx.CPrinterJob"/>
    <property name="sun.os.patch.level" value="unknown"/>
    <property name="java.library.path" value="/Users/d4rt4gn4n/Library/Java/Extensions:/Library/Java/Extensions:/Network/Library/Java/Extensions:/System/Library/Java/Extensions:/usr/lib/java:."/>
    <property name="java.vm.info" value="mixed mode"/>
    <property name="java.vendor" value="Oracle Corporation"/>
    <property name="java.vm.version" value="25.171-b11"/>
    <property name="java.ext.dirs" value="/Users/d4rt4gn4n/Library/Java/Extensions:/Library/Java/JavaVirtualMachines/jdk1.8.0_171.jdk/Contents/Home/jre/lib/ext:/Library/Java/Extensions:/Network/Library/Java/Extensions:/System/Library/Java/Extensions:/usr/lib/java"/>
    <property name="sun.io.unicode.encoding" value="UnicodeBig"/>
    <property name="java.class.version" value="52.0"/>
    <property name="socksNonProxyHosts" value="local|*.local|169.254/16|*.169.254/16"/>
  </properties>
  <testcase name="shouldAnswerWithTrue" classname="org.openclassroom.projet.technical.AppTest" time="0.004"/>
</testsuite>